<?xml version="1.0" encoding="UTF-8"?>
<testsuite xmlns:xsi="http://www.w3.org/2001/XMLSchema-instance" xsi:noNamespaceSchemaLocation="https://maven.apache.org/surefire/maven-surefire-plugin/xsd/surefire-test-report-3.0.xsd" version="3.0" name="cucumberoptions.RunCukeTest" time="10.233" tests="1" errors="0" skipped="0" failures="1">
  <properties>
[...]
</properties>
  <testcase name="feature[&quot;Assert homepage attribute&quot;, &quot;Homepage&quot;](1)" classname="cucumberoptions.RunCukeTest" time="8.852">
    <failure message="class org.openqa.selenium.By$ByXPath cannot be cast to class io.appium.java_client.AppiumBy (org.openqa.selenium.By$ByXPath and io.appium.java_client.AppiumBy are in unnamed module of loader &apos;app&apos;)" type="java.lang.ClassCastException"><![CDATA[java.lang.ClassCastException: class org.openqa.selenium.By$ByXPath cannot be cast to class io.appium.java_client.AppiumBy (org.openqa.selenium.By$ByXPath and io.appium.java_client.AppiumBy are in unnamed module of loader 'app')
	at page.HomePage.tapOnCloseBanner(HomePage.java:44)
	at stepdefinitions.HomePageStepDefinitions.user_close_popup_banner(HomePageStepDefinitions.java:30)
	at ✽.User close popup banner(file:///D:/FPT_Autotest/TestNG/Medpro-Regression/src/test/resources/features/AddToCart.feature:12)
]]></failure>
    <system-out><![CDATA[
@initial_homepage
Scenario: Assert homepage attribute                &amp#27;[90m# src/test/resources/features/AddToCart.feature:8&amp#27;[0m
Khởi tạo driver...
Application opened successfully!
  &amp#27;[32mGiven &amp#27;[0m&amp#27;[32mUser open Medpro application&amp#27;[0m               &amp#27;[90m# stepdefinitions.HomePageStepDefinitions.user_open_medpro_application()&amp#27;[0m
  &amp#27;[32mAnd &amp#27;[0m&amp#27;[32mUser choose region &amp#27;[0m&amp#27;[32m&amp#27;[1m"all"&amp#27;[0m                     &amp#27;[90m# stepdefinitions.ConfigPageStepDefinitions.user_choose_region(java.lang.String)&amp#27;[0m
  &amp#27;[32mAnd &amp#27;[0m&amp#27;[32mUser choose language &amp#27;[0m&amp#27;[32m&amp#27;[1m"vietnamese"&amp#27;[0m            &amp#27;[90m# stepdefinitions.ConfigPageStepDefinitions.user_choose_language(java.lang.String)&amp#27;[0m
  &amp#27;[32mAnd &amp#27;[0m&amp#27;[32mUser tap on continue button&amp#27;[0m                  &amp#27;[90m# stepdefinitions.ConfigPageStepDefinitions.user_tap_on_continue_button()&amp#27;[0m
  &amp#27;[31mAnd &amp#27;[0m&amp#27;[31mUser close popup banner&amp#27;[0m                      &amp#27;[90m# stepdefinitions.HomePageStepDefinitions.user_close_popup_banner()&amp#27;[0m
      &amp#27;[31mjava.lang.ClassCastException: class org.openqa.selenium.By$ByXPath cannot be cast to class io.appium.java_client.AppiumBy (org.openqa.selenium.By$ByXPath and io.appium.java_client.AppiumBy are in unnamed module of loader 'app')
	at page.HomePage.tapOnCloseBanner(HomePage.java:44)
	at stepdefinitions.HomePageStepDefinitions.user_close_popup_banner(HomePageStepDefinitions.java:30)
	at âœ½.User close popup banner(file:///D:/FPT_Autotest/TestNG/Medpro-Regression/src/test/resources/features/AddToCart.feature:12)
&amp#27;[0m
  &amp#27;[36mThen &amp#27;[0m&amp#27;[36mUser should see feature &amp#27;[0m&amp#27;[36m&amp#27;[1m"Ä�áº·t khÃ¡m\n BÃ¡c sÄ©"&amp#27;[0m &amp#27;[90m# stepdefinitions.HomePageStepDefinitions.user_should_see_feature(java.lang.String)&amp#27;[0m
Tắt driver...
]]></system-out>
    <system-err><![CDATA[SLF4J(W): No SLF4J providers were found.
SLF4J(W): Defaulting to no-operation (NOP) logger implementation
SLF4J(W): See https://www.slf4j.org/codes.html#noProviders for further details.
]]></system-err>
  </testcase>
</testsuite>