<?xml version="1.0" encoding="UTF-8"?>
<testng-results ignored="0" total="1" passed="1" failed="0" skipped="0">
  <reporter-output>
  </reporter-output>
  <suite started-at="2024-12-05T16:53:19 ICT" name="Default suite" finished-at="2024-12-05T16:53:26 ICT" duration-ms="7290">
    <groups>
    </groups>
    <test started-at="2024-12-05T16:53:19 ICT" name="Default test" finished-at="2024-12-05T16:53:26 ICT" duration-ms="7290">
      <class name="cucumberoptions.RunCukeTest">
        <test-method is-config="true" signature="setUpClass()[pri:0, instance:cucumberoptions.RunCukeTest@1ed6388a]" started-at="2024-12-05T16:53:19 ICT" name="setUpClass" finished-at="2024-12-05T16:53:20 ICT" duration-ms="715" status="PASS">
          <reporter-output>
          </reporter-output>
        </test-method> <!-- setUpClass -->
        <test-method signature="feature(io.cucumber.testng.PickleWrapper,io.cucumber.testng.FeatureWrapper)[pri:0, instance:cucumberoptions.RunCukeTest@1ed6388a]" started-at="2024-12-05T16:53:20 ICT" name="feature" description="Run Cucumber Features" data-provider="scenarios" finished-at="2024-12-05T16:53:26 ICT" duration-ms="6497" status="PASS">
          <params>
            <param index="0">
              <value>
                <![CDATA["Assert homepage attribute"]]>
              </value>
            </param>
            <param index="1">
              <value>
                <![CDATA["Homepage"]]>
              </value>
            </param>
          </params>
          <reporter-output>
          </reporter-output>
        </test-method> <!-- feature -->
        <test-method is-config="true" signature="tearDownClass()[pri:0, instance:cucumberoptions.RunCukeTest@1ed6388a]" started-at="2024-12-05T16:53:26 ICT" name="tearDownClass" finished-at="2024-12-05T16:53:26 ICT" duration-ms="41" status="PASS">
          <reporter-output>
          </reporter-output>
        </test-method> <!-- tearDownClass -->
      </class> <!-- cucumberoptions.RunCukeTest -->
    </test> <!-- Default test -->
  </suite> <!-- Default suite -->
</testng-results>
